# JRE version: Java(TM) SE Runtime Environment (9.0+11) (build 9.0.4+11)
# Java VM: Java HotSpot(TM) 64-Bit Server VM (9.0.4+11, mixed mode, tiered, compressed oops, g1 gc, windows-amd64)
Heap:
 garbage-first heap   total 262144K, used 21504K [0x00000006c1e00000, 0x00000006c1f00800, 0x00000007c0000000)
  region size 1024K, 15 young (15360K), 5 survivors (5120K)
 Metaspace       used 22471K, capacity 23330K, committed 23424K, reserved 1069056K
  class space    used 2724K, capacity 2899K, committed 2944K, reserved 1048576K
GC Heap History (6 events):
Event: 1.220 GC heap before
{Heap before GC invocations=0 (full 0):
 garbage-first heap   total 262144K, used 25600K [0x00000006c1e00000, 0x00000006c1f00800, 0x00000007c0000000)
  region size 1024K, 24 young (24576K), 0 survivors (0K)
 Metaspace       used 13468K, capacity 13962K, committed 14208K, reserved 1062912K
  class space    used 1487K, capacity 1605K, committed 1664K, reserved 1048576K
}
Event: 1.226 GC heap after
{Heap after GC invocations=1 (full 0):
 garbage-first heap   total 262144K, used 7903K [0x00000006c1e00000, 0x00000006c1f00800, 0x00000007c0000000)
  region size 1024K, 3 young (3072K), 3 survivors (3072K)
 Metaspace       used 13468K, capacity 13962K, committed 14208K, reserved 1062912K
  class space    used 1487K, capacity 1605K, committed 1664K, reserved 1048576K
}
Event: 1.667 GC heap before
{Heap before GC invocations=1 (full 0):
 garbage-first heap   total 262144K, used 28383K [0x00000006c1e00000, 0x00000006c1f00800, 0x00000007c0000000)
  region size 1024K, 23 young (23552K), 3 survivors (3072K)
 Metaspace       used 17402K, capacity 17962K, committed 18304K, reserved 1064960K
  class space    used 2005K, capacity 2115K, committed 2176K, reserved 1048576K
}
Event: 1.673 GC heap after
{Heap after GC invocations=2 (full 0):
 garbage-first heap   total 262144K, used 12029K [0x00000006c1e00000, 0x00000006c1f00800, 0x00000007c0000000)
  region size 1024K, 3 young (3072K), 3 survivors (3072K)
 Metaspace       used 17402K, capacity 17962K, committed 18304K, reserved 1064960K
  class space    used 2005K, capacity 2115K, committed 2176K, reserved 1048576K
}
Event: 2.419 GC heap before
{Heap before GC invocations=2 (full 0):
 garbage-first heap   total 262144K, used 25341K [0x00000006c1e00000, 0x00000006c1f00800, 0x00000007c0000000)
  region size 1024K, 17 young (17408K), 3 survivors (3072K)
 Metaspace       used 20440K, capacity 21146K, committed 21296K, reserved 1069056K
  class space    used 2470K, capacity 2625K, committed 2688K, reserved 1048576K
}
Event: 2.423 GC heap after
{Heap after GC invocations=3 (full 0):
 garbage-first heap   total 262144K, used 14077K [0x00000006c1e00000, 0x00000006c1f00800, 0x00000007c0000000)
  region size 1024K, 5 young (5120K), 5 survivors (5120K)
 Metaspace       used 20440K, capacity 21146K, committed 21296K, reserved 1069056K
  class space    used 2470K, capacity 2625K, committed 2688K, reserved 1048576K
}

