<?xml version="1.0" encoding="UTF-8"?>
<!-- Generated by org.testng.reporters.JUnitXMLReporter -->
<testsuite ignored="0" hostname="DESKTOP-9CMKQ9G" failures="0" tests="7" name="Default test" time="21.187" errors="0" timestamp="04 Apr 2018 12:49:24 GMT">
  <testcase classname="btcTestSuite.TC_CreateWallet" name="ConfirmWithWorngPassword" time="0.909"/>
  <testcase classname="btcTestSuite.TC_CreateWallet" name="withBlankUserID" time="0.412"/>
  <testcase classname="btcTestSuite.TC_CreateWallet" name="withBlankPassword" time="0.502"/>
  <testcase classname="btcTestSuite.TC_CreateWallet" name="withBlankUserandPassword" time="0.334"/>
  <testcase classname="btcTestSuite.TC_CreateWallet" name="withJunkLongUserandPassword" time="5.777"/>
  <testcase classname="btcTestSuite.TC_CreateWallet" name="termsOfServiceLink" time="1.24"/>
  <testcase classname="btcTestSuite.TC_CreateWallet" name="createWallet" time="5.313"/>
</testsuite> <!-- Default test -->
