<?xml version="1.0" encoding="UTF-8"?>
<!-- Generated by org.testng.reporters.JUnitXMLReporter -->
<testsuite ignored="0" hostname="DESKTOP-9CMKQ9G" failures="0" tests="7" name="Default test" time="27.307" errors="0" timestamp="19 Jul 2018 10:55:09 GMT">
  <testcase classname="btcTestSuite.TC_CreateWallet" name="ConfirmWithWorngPassword" time="1.583"/>
  <testcase classname="btcTestSuite.TC_CreateWallet" name="withBlankUserID" time="0.719"/>
  <testcase classname="btcTestSuite.TC_CreateWallet" name="withBlankPassword" time="0.87"/>
  <testcase classname="btcTestSuite.TC_CreateWallet" name="withBlankUserandPassword" time="0.577"/>
  <testcase classname="btcTestSuite.TC_CreateWallet" name="withJunkLongUserandPassword" time="6.394"/>
  <testcase classname="btcTestSuite.TC_CreateWallet" name="termsOfServiceLink" time="1.417"/>
  <testcase classname="btcTestSuite.TC_CreateWallet" name="createWallet" time="7.66"/>
</testsuite> <!-- Default test -->
