<?xml version="1.0" encoding="UTF-8"?>
<!-- Generated by org.testng.reporters.JUnitXMLReporter -->
<testsuite ignored="0" hostname="DESKTOP-9CMKQ9G" failures="0" tests="10" name="BTCcomTest" time="118.494" errors="0" timestamp="16 Apr 2018 13:15:46 GMT">
  <testcase classname="btcTestSuite.CalculateExchangeRates" name="checkExchange" time="18.44"/>
  <testcase classname="btcTestSuite.TC_CreateWallet" name="ConfirmWithWorngPassword" time="0.864"/>
  <testcase classname="btcTestSuite.TC_CreateWallet" name="withBlankUserID" time="0.416"/>
  <testcase classname="btcTestSuite.TC_CreateWallet" name="withBlankPassword" time="0.45"/>
  <testcase classname="btcTestSuite.TC_CreateWallet" name="withBlankUserandPassword" time="0.34"/>
  <testcase classname="btcTestSuite.TC_CreateWallet" name="withJunkLongUserandPassword" time="5.719"/>
  <testcase classname="btcTestSuite.TC_CreateWallet" name="termsOfServiceLink" time="3.546"/>
  <testcase classname="btcTestSuite.SignInWallet3" name="checkPageHeadingandURL" time="23.88"/>
  <testcase classname="btcTestSuite.TC_CreateWallet" name="createWallet" time="7.788"/>
  <testcase classname="btcTestSuite.SignInWallet3" name="trasactionVerify1234" time="38.851"/>
</testsuite> <!-- BTCcomTest -->
