<?xml version="1.0" encoding="UTF-8"?>
<!-- Generated by org.testng.reporters.JUnitXMLReporter -->
<testsuite ignored="0" hostname="DESKTOP-9CMKQ9G" failures="1" tests="12" name="BTCcomTest" time="240.279" errors="0" timestamp="20 Jul 2018 09:07:18 GMT">
  <testcase classname="btcTestSuite.CalculateExchangeRates" name="checkExchange" time="18.341">
    <failure type="org.openqa.selenium.WebDriverException" message="unknown error: Element &amp;lt;span class=&amp;quot;ng-binding&amp;quot;&amp;gt;...&amp;lt;/span&amp;gt; is not clickable at point (274, 451). Other element would receive the click: &amp;lt;div class=&amp;quot;page-loader active&amp;quot; ng-class=&amp;quot;{&amp;apos;active&amp;apos;: isLoadingNewWallet}&amp;quot;&amp;gt;...&amp;lt;/div&amp;gt;
  (Session info: chrome=67.0.3396.99)
  (Driver info: chromedriver=2.35.528161 (5b82f2d2aae0ca24b877009200ced9065a772e73),platform=Windows NT 10.0.17134 x86_64) (WARNING: The server did not provide any stacktrace information)
Command duration or timeout: 0 milliseconds
Build info: version: &amp;apos;3.7.1&amp;apos;, revision: &amp;apos;8a0099a&amp;apos;, time: &amp;apos;2017-11-06T21:01:39.354Z&amp;apos;
System info: host: &amp;apos;DESKTOP-9CMKQ9G&amp;apos;, ip: &amp;apos;192.168.1.55&amp;apos;, os.name: &amp;apos;Windows 10&amp;apos;, os.arch: &amp;apos;amd64&amp;apos;, os.version: &amp;apos;10.0&amp;apos;, java.version: &amp;apos;9.0.4&amp;apos;
Driver info: org.openqa.selenium.chrome.ChromeDriver
Capabilities {acceptInsecureCerts: false, acceptSslCerts: false, applicationCacheEnabled: false, browserConnectionEnabled: false, browserName: chrome, chrome: {chromedriverVersion: 2.35.528161 (5b82f2d2aae0ca..., userDataDir: C:\Users\SOHAIB~1\AppData\L...}, cssSelectorsEnabled: true, databaseEnabled: false, handlesAlerts: true, hasTouchScreen: false, javascriptEnabled: true, locationContextEnabled: true, mobileEmulationEnabled: false, nativeEvents: true, networkConnectionEnabled: false, pageLoadStrategy: normal, platform: XP, platformName: XP, rotatable: false, setWindowRect: true, takesHeapSnapshot: true, takesScreenshot: true, unexpectedAlertBehaviour: , unhandledPromptBehavior: , version: 67.0.3396.99, webStorageEnabled: true}
Session ID: 61f6ca05b5433cc3bc925933608c5014">
      <![CDATA[org.openqa.selenium.WebDriverException: unknown error: Element <span class="ng-binding">...</span> is not clickable at point (274, 451). Other element would receive the click: <div class="page-loader active" ng-class="{'active': isLoadingNewWallet}">...</div>
  (Session info: chrome=67.0.3396.99)
  (Driver info: chromedriver=2.35.528161 (5b82f2d2aae0ca24b877009200ced9065a772e73),platform=Windows NT 10.0.17134 x86_64) (WARNING: The server did not provide any stacktrace information)
Command duration or timeout: 0 milliseconds
Build info: version: '3.7.1', revision: '8a0099a', time: '2017-11-06T21:01:39.354Z'
System info: host: 'DESKTOP-9CMKQ9G', ip: '192.168.1.55', os.name: 'Windows 10', os.arch: 'amd64', os.version: '10.0', java.version: '9.0.4'
Driver info: org.openqa.selenium.chrome.ChromeDriver
Capabilities {acceptInsecureCerts: false, acceptSslCerts: false, applicationCacheEnabled: false, browserConnectionEnabled: false, browserName: chrome, chrome: {chromedriverVersion: 2.35.528161 (5b82f2d2aae0ca..., userDataDir: C:\Users\SOHAIB~1\AppData\L...}, cssSelectorsEnabled: true, databaseEnabled: false, handlesAlerts: true, hasTouchScreen: false, javascriptEnabled: true, locationContextEnabled: true, mobileEmulationEnabled: false, nativeEvents: true, networkConnectionEnabled: false, pageLoadStrategy: normal, platform: XP, platformName: XP, rotatable: false, setWindowRect: true, takesHeapSnapshot: true, takesScreenshot: true, unexpectedAlertBehaviour: , unhandledPromptBehavior: , version: 67.0.3396.99, webStorageEnabled: true}
Session ID: 61f6ca05b5433cc3bc925933608c5014
	at org.openqa.selenium.remote.ErrorHandler.createThrowable(ErrorHandler.java:214)
	at org.openqa.selenium.remote.ErrorHandler.throwIfResponseFailed(ErrorHandler.java:166)
	at org.openqa.selenium.remote.http.JsonHttpResponseCodec.reconstructValue(JsonHttpResponseCodec.java:40)
	at org.openqa.selenium.remote.http.AbstractHttpResponseCodec.decode(AbstractHttpResponseCodec.java:80)
	at org.openqa.selenium.remote.http.AbstractHttpResponseCodec.decode(AbstractHttpResponseCodec.java:44)
	at org.openqa.selenium.remote.HttpCommandExecutor.execute(HttpCommandExecutor.java:164)
	at org.openqa.selenium.remote.service.DriverCommandExecutor.execute(DriverCommandExecutor.java:83)
	at org.openqa.selenium.remote.RemoteWebDriver.execute(RemoteWebDriver.java:600)
	at org.openqa.selenium.remote.RemoteWebElement.execute(RemoteWebElement.java:279)
	at org.openqa.selenium.remote.RemoteWebElement.click(RemoteWebElement.java:83)
	at org.openqa.selenium.support.pagefactory.internal.LocatingElementHandler.invoke(LocatingElementHandler.java:51)
	at com.sun.proxy.$Proxy15.click(Unknown Source)
	at uiActions.Menu_SettingPage.clickSetting(Menu_SettingPage.java:28)
	at btcTestSuite.CalculateExchangeRates.checkExchange(CalculateExchangeRates.java:67)
... Removed 33 stack frames]]>
    </failure>
  </testcase> <!-- checkExchange -->
  <testcase classname="btcTestSuite.PasswordRecovery" name="passwordRecovery" time="39.729"/>
  <testcase classname="btcTestSuite.TC_CreateWallet" name="ConfirmWithWorngPassword" time="0.994"/>
  <testcase classname="btcTestSuite.TC_CreateWallet" name="withBlankUserID" time="0.47"/>
  <testcase classname="btcTestSuite.TC_CreateWallet" name="withBlankPassword" time="0.564"/>
  <testcase classname="btcTestSuite.TC_CreateWallet" name="withBlankUserandPassword" time="0.399"/>
  <testcase classname="btcTestSuite.TC_CreateWallet" name="withJunkLongUserandPassword" time="5.779"/>
  <testcase classname="btcTestSuite.TC_CreateWallet" name="termsOfServiceLink" time="1.232"/>
  <testcase classname="btcTestSuite.SignInWallet3" name="checkPageHeadingandURL" time="25.081"/>
  <testcase classname="btcTestSuite.SignInWallet" name="createWallet" time="69.661"/>
  <testcase classname="btcTestSuite.TC_CreateWallet" name="createWallet" time="5.639"/>
  <testcase classname="btcTestSuite.SignInWallet3" name="trasactionVerify1234" time="39.308"/>
</testsuite> <!-- BTCcomTest -->
