<?xml version="1.0" encoding="UTF-8"?>
<!-- Generated by org.testng.reporters.JUnitXMLReporter -->
<testsuite ignored="0" hostname="DESKTOP-9CMKQ9G" failures="0" tests="10" name="BTCcomTest" time="115.316" errors="0" timestamp="16 Apr 2018 16:29:11 GMT">
  <testcase classname="btcTestSuite.CalculateExchangeRates" name="checkExchange" time="18.429"/>
  <testcase classname="btcTestSuite.TC_CreateWallet" name="ConfirmWithWorngPassword" time="0.883"/>
  <testcase classname="btcTestSuite.TC_CreateWallet" name="withBlankUserID" time="0.439"/>
  <testcase classname="btcTestSuite.TC_CreateWallet" name="withBlankPassword" time="0.502"/>
  <testcase classname="btcTestSuite.TC_CreateWallet" name="withBlankUserandPassword" time="0.352"/>
  <testcase classname="btcTestSuite.TC_CreateWallet" name="withJunkLongUserandPassword" time="5.75"/>
  <testcase classname="btcTestSuite.TC_CreateWallet" name="termsOfServiceLink" time="1.725"/>
  <testcase classname="btcTestSuite.SignInWallet3" name="checkPageHeadingandURL" time="23.832"/>
  <testcase classname="btcTestSuite.TC_CreateWallet" name="createWallet" time="5.598"/>
  <testcase classname="btcTestSuite.SignInWallet3" name="trasactionVerify1234" time="38.879"/>
</testsuite> <!-- BTCcomTest -->
