<?xml version="1.0" encoding="UTF-8"?>
<!-- Generated by org.testng.reporters.JUnitXMLReporter -->
<testsuite ignored="0" hostname="DESKTOP-9CMKQ9G" failures="0" tests="8" name="Test" time="64.769" errors="0" timestamp="22 Mar 2018 13:41:39 GMT">
  <testcase classname="btcTestSuite.TC_CreateWallet" name="ConfirmWithWorngPassword" time="1.144"/>
  <testcase classname="btcTestSuite.TC_CreateWallet" name="withBlankUserID" time="0.415"/>
  <testcase classname="btcTestSuite.TC_CreateWallet" name="withBlankPassword" time="0.472"/>
  <testcase classname="btcTestSuite.TC_CreateWallet" name="withBlankUserandPassword" time="0.379"/>
  <testcase classname="btcTestSuite.TC_CreateWallet" name="withJunkLongUserandPassword" time="5.816"/>
  <testcase classname="btcTestSuite.TC_CreateWallet" name="termsOfServiceLink" time="1.373"/>
  <testcase classname="btcTestSuite.TC_CreateWallet" name="createWallet" time="5.488"/>
  <testcase classname="btcTestSuite.SignInWallet2" name="createWallet" time="37.94"/>
</testsuite> <!-- Test -->
