<?xml version="1.0" encoding="UTF-8"?>
<testng-results ignored="0" total="2" passed="2" failed="0" skipped="0">
  <reporter-output>
  </reporter-output>
  <suite started-at="2018-03-27T09:31:15Z" name="Default suite" finished-at="2018-03-27T09:32:23Z" duration-ms="68132">
    <groups>
    </groups>
    <test started-at="2018-03-27T09:31:15Z" name="Default test" finished-at="2018-03-27T09:32:23Z" duration-ms="68132">
      <class name="btcTestSuite.SignInWallet3">
        <test-method is-config="true" signature="setUp()[pri:0, instance:btcTestSuite.SignInWallet3@5fb759d6]" started-at="2018-03-27T11:31:15Z" name="setUp" finished-at="2018-03-27T11:31:20Z" duration-ms="5132" status="PASS">
          <reporter-output>
          </reporter-output>
        </test-method> <!-- setUp -->
        <test-method is-config="true" signature="beforeMethod(java.lang.reflect.Method)[pri:0, instance:btcTestSuite.SignInWallet3@5fb759d6]" started-at="2018-03-27T11:31:20Z" name="beforeMethod" finished-at="2018-03-27T11:31:20Z" duration-ms="7" status="PASS">
          <params>
            <param index="0">
              <value>
                <![CDATA[public void btcTestSuite.SignInWallet3.checkPageHeadingandURL() throws java.lang.InterruptedException]]>
              </value>
            </param>
          </params>
          <reporter-output>
          </reporter-output>
        </test-method> <!-- beforeMethod -->
        <test-method signature="checkPageHeadingandURL()[pri:7, instance:btcTestSuite.SignInWallet3@5fb759d6]" started-at="2018-03-27T11:31:20Z" name="checkPageHeadingandURL" finished-at="2018-03-27T11:31:43Z" duration-ms="23367" status="PASS">
          <reporter-output>
          </reporter-output>
        </test-method> <!-- checkPageHeadingandURL -->
        <test-method is-config="true" signature="afterMethod(org.testng.ITestResult)[pri:0, instance:btcTestSuite.SignInWallet3@5fb759d6]" started-at="2018-03-27T11:31:43Z" name="afterMethod" finished-at="2018-03-27T11:31:43Z" duration-ms="0" status="PASS">
          <params>
            <param index="0">
              <value>
                <![CDATA[[TestResult name=checkPageHeadingandURL status=SUCCESS method=SignInWallet3.checkPageHeadingandURL()[pri:7, instance:btcTestSuite.SignInWallet3@5fb759d6] output={null}]]]>
              </value>
            </param>
          </params>
          <reporter-output>
          </reporter-output>
        </test-method> <!-- afterMethod -->
        <test-method is-config="true" signature="beforeMethod(java.lang.reflect.Method)[pri:0, instance:btcTestSuite.SignInWallet3@5fb759d6]" started-at="2018-03-27T11:31:43Z" name="beforeMethod" finished-at="2018-03-27T11:31:43Z" duration-ms="0" status="PASS">
          <params>
            <param index="0">
              <value>
                <![CDATA[public void btcTestSuite.SignInWallet3.trasactionVerify1234() throws java.lang.InterruptedException]]>
              </value>
            </param>
          </params>
          <reporter-output>
          </reporter-output>
        </test-method> <!-- beforeMethod -->
        <test-method signature="trasactionVerify1234()[pri:10, instance:btcTestSuite.SignInWallet3@5fb759d6]" started-at="2018-03-27T11:31:43Z" name="trasactionVerify1234" finished-at="2018-03-27T11:32:22Z" duration-ms="38965" status="PASS">
          <reporter-output>
          </reporter-output>
        </test-method> <!-- trasactionVerify1234 -->
        <test-method is-config="true" signature="afterMethod(org.testng.ITestResult)[pri:0, instance:btcTestSuite.SignInWallet3@5fb759d6]" started-at="2018-03-27T11:32:22Z" name="afterMethod" finished-at="2018-03-27T11:32:22Z" duration-ms="0" status="PASS">
          <params>
            <param index="0">
              <value>
                <![CDATA[[TestResult name=trasactionVerify1234 status=SUCCESS method=SignInWallet3.trasactionVerify1234()[pri:10, instance:btcTestSuite.SignInWallet3@5fb759d6] output={null}]]]>
              </value>
            </param>
          </params>
          <reporter-output>
          </reporter-output>
        </test-method> <!-- afterMethod -->
        <test-method is-config="true" signature="endTest()[pri:0, instance:btcTestSuite.SignInWallet3@5fb759d6]" started-at="2018-03-27T11:32:22Z" name="endTest" finished-at="2018-03-27T11:32:23Z" duration-ms="638" status="PASS">
          <reporter-output>
          </reporter-output>
        </test-method> <!-- endTest -->
      </class> <!-- btcTestSuite.SignInWallet3 -->
    </test> <!-- Default test -->
  </suite> <!-- Default suite -->
</testng-results>
